<?xml version="1.0" encoding="UTF-8"?>
<testsuite name="com.yahoo.espanol.qa.miprimerabusqueda.runners.SearchWithYahooRunner" tests="0" skipped="0" failures="0" errors="0" timestamp="1970-01-01T00:00:00" hostname="LAPTOP-L2D6D9IH" time="0.0">
  <properties/>
  <system-out><![CDATA[
?[31mFailed scenarios:?[0m
?[31msrc/test/resources/features/SearchWithYahoo.feature:14 ?[0m# Search in yahoo
?[31msrc/test/resources/features/SearchWithYahoo.feature:16 ?[0m# Search in yahoo

3 Scenarios (?[31m2 failed?[0m, ?[32m1 passed?[0m)
9 Steps (?[31m2 failed?[0m, ?[32m7 passed?[0m)
0m29,056s

java.lang.AssertionError: The phrase found does not match the search - org.openqa.selenium.NoSuchElementException: Expected condition failed: waiting for By.name: p to be displayed (tried for 5 second(s) with 100 milliseconds interval)
Build info: version: '3.141.59', revision: 'e82be7d358', time: '2018-11-14T08:17:03'
System info: host: 'LAPTOP-L2D6D9IH', ip: '172.23.85.79', os.name: 'Windows 10', os.arch: 'amd64', os.version: '10.0', java.version: '1.8.0_201'
Driver info: driver.version: unknown
	at net.serenitybdd.screenplay.ErrorTally.throwSummaryExceptionFrom(ErrorTally.java:36)
	at net.serenitybdd.screenplay.ErrorTally.reportAnyErrors(ErrorTally.java:30)
	at net.serenitybdd.screenplay.Actor.should(Actor.java:291)
	at com.yahoo.espanol.qa.miprimerabusqueda.stepsdefinitions.SearchWithYahooStepDefinition.heVerifyThatTheWordIsInTheResults(SearchWithYahooStepDefinition.java:54)
	at ?.He verify that the word "peliculas nuevas" is in the results(src/test/resources/features/SearchWithYahoo.feature:10)

java.lang.AssertionError: The phrase found does not match the search - 
Expected: is "sociales"
     but: was "sociales 5"
	at net.serenitybdd.screenplay.ErrorTally.throwSummaryExceptionFrom(ErrorTally.java:36)
	at net.serenitybdd.screenplay.ErrorTally.reportAnyErrors(ErrorTally.java:30)
	at net.serenitybdd.screenplay.Actor.should(Actor.java:291)
	at com.yahoo.espanol.qa.miprimerabusqueda.stepsdefinitions.SearchWithYahooStepDefinition.heVerifyThatTheWordIsInTheResults(SearchWithYahooStepDefinition.java:54)
	at ?.He verify that the word "sociales" is in the results(src/test/resources/features/SearchWithYahoo.feature:10)

]]></system-out>
  <system-err><![CDATA[SLF4J: Failed to load class "org.slf4j.impl.StaticLoggerBinder".
SLF4J: Defaulting to no-operation (NOP) logger implementation
SLF4J: See http://www.slf4j.org/codes.html#StaticLoggerBinder for further details.
]]></system-err>
</testsuite>
