<?xml version="1.0" encoding="UTF-8"?>
<testsuite name="Search in Yahoo with data from feature" tests="3" skipped="0" failures="2" errors="0" timestamp="2019-04-04T13:52:19" hostname="LAPTOP-L2D6D9IH" time="28.528">
  <properties/>
  <testcase name="Search in yahoo" classname="Search in Yahoo with data from feature" time="15.365">
    <failure message="java.lang.AssertionError: The phrase found does not match the search - org.openqa.selenium.NoSuchElementException: Expected condition failed: waiting for By.name: p to be displayed (tried for 5 second(s) with 100 milliseconds interval)&#10;Build info: version: '3.141.59', revision: 'e82be7d358', time: '2018-11-14T08:17:03'&#10;System info: host: 'LAPTOP-L2D6D9IH', ip: '172.23.85.79', os.name: 'Windows 10', os.arch: 'amd64', os.version: '10.0', java.version: '1.8.0_201'&#10;Driver info: driver.version: unknown" type="java.lang.AssertionError">java.lang.AssertionError: The phrase found does not match the search - org.openqa.selenium.NoSuchElementException: Expected condition failed: waiting for By.name: p to be displayed (tried for 5 second(s) with 100 milliseconds interval)
Build info: version: '3.141.59', revision: 'e82be7d358', time: '2018-11-14T08:17:03'
System info: host: 'LAPTOP-L2D6D9IH', ip: '172.23.85.79', os.name: 'Windows 10', os.arch: 'amd64', os.version: '10.0', java.version: '1.8.0_201'
Driver info: driver.version: unknown
	at net.serenitybdd.screenplay.ErrorTally.throwSummaryExceptionFrom(ErrorTally.java:36)
	at net.serenitybdd.screenplay.ErrorTally.reportAnyErrors(ErrorTally.java:30)
	at net.serenitybdd.screenplay.Actor.should(Actor.java:291)
	at com.yahoo.espanol.qa.miprimerabusqueda.stepsdefinitions.SearchWithYahooStepDefinition.heVerifyThatTheWordIsInTheResults(SearchWithYahooStepDefinition.java:54)
	at ✽.He verify that the word &quot;peliculas nuevas&quot; is in the results(src/test/resources/features/SearchWithYahoo.feature:10)
</failure>
  </testcase>
  <testcase name="Search in yahoo" classname="Search in Yahoo with data from feature" time="6.726"/>
  <testcase name="Search in yahoo" classname="Search in Yahoo with data from feature" time="6.432">
    <failure message="java.lang.AssertionError: The phrase found does not match the search - &#10;Expected: is &quot;sociales&quot;&#10;     but: was &quot;sociales 5&quot;" type="java.lang.AssertionError">java.lang.AssertionError: The phrase found does not match the search - 
Expected: is &quot;sociales&quot;
     but: was &quot;sociales 5&quot;
	at net.serenitybdd.screenplay.ErrorTally.throwSummaryExceptionFrom(ErrorTally.java:36)
	at net.serenitybdd.screenplay.ErrorTally.reportAnyErrors(ErrorTally.java:30)
	at net.serenitybdd.screenplay.Actor.should(Actor.java:291)
	at com.yahoo.espanol.qa.miprimerabusqueda.stepsdefinitions.SearchWithYahooStepDefinition.heVerifyThatTheWordIsInTheResults(SearchWithYahooStepDefinition.java:54)
	at ✽.He verify that the word &quot;sociales&quot; is in the results(src/test/resources/features/SearchWithYahoo.feature:10)
</failure>
  </testcase>
  <system-out><![CDATA[








































]]></system-out>
  <system-err><![CDATA[abr 04, 2019 8:52:19 AM org.openqa.selenium.remote.DesiredCapabilities edge
INFORMACIÓN: Using `new EdgeOptions()` is preferred to `DesiredCapabilities.edge()`
[08:52:20.059] - Listening on http://localhost:2585/ 
abr 04, 2019 8:52:21 AM org.openqa.selenium.remote.ProtocolHandshake createSession
INFORMACIÓN: Detected dialect: OSS
abr 04, 2019 8:52:34 AM org.openqa.selenium.remote.DesiredCapabilities edge
INFORMACIÓN: Using `new EdgeOptions()` is preferred to `DesiredCapabilities.edge()`
abr 04, 2019 8:52:35 AM org.openqa.selenium.remote.ProtocolHandshake createSession
INFORMACIÓN: Detected dialect: OSS
abr 04, 2019 8:52:41 AM org.openqa.selenium.remote.DesiredCapabilities edge
INFORMACIÓN: Using `new EdgeOptions()` is preferred to `DesiredCapabilities.edge()`
abr 04, 2019 8:52:42 AM org.openqa.selenium.remote.ProtocolHandshake createSession
INFORMACIÓN: Detected dialect: OSS
]]></system-err>
</testsuite>
