<!DOCTYPE html>
<html>
<head>
<meta http-equiv="Content-Type" content="text/html; charset=utf-8"/>
<meta http-equiv="x-ua-compatible" content="IE=edge"/>
<title>Test results - Class Search in Yahoo with data from feature</title>
<link href="../css/base-style.css" rel="stylesheet" type="text/css"/>
<link href="../css/style.css" rel="stylesheet" type="text/css"/>
<script src="../js/report.js" type="text/javascript"></script>
</head>
<body>
<div id="content">
<h1>Class Search in Yahoo with data from feature</h1>
<div class="breadcrumbs">
<a href="../index.html">all</a> &gt; 
<a href="../packages/default-package.html">default-package</a> &gt; Search in Yahoo with data from feature</div>
<div id="summary">
<table>
<tr>
<td>
<div class="summaryGroup">
<table>
<tr>
<td>
<div class="infoBox" id="tests">
<div class="counter">3</div>
<p>tests</p>
</div>
</td>
<td>
<div class="infoBox" id="failures">
<div class="counter">2</div>
<p>failures</p>
</div>
</td>
<td>
<div class="infoBox" id="ignored">
<div class="counter">0</div>
<p>ignored</p>
</div>
</td>
<td>
<div class="infoBox" id="duration">
<div class="counter">28.523s</div>
<p>duration</p>
</div>
</td>
</tr>
</table>
</div>
</td>
<td>
<div class="infoBox failures" id="successRate">
<div class="percent">33%</div>
<p>successful</p>
</div>
</td>
</tr>
</table>
</div>
<div id="tabs">
<ul class="tabLinks">
<li>
<a href="#tab0">Failed tests</a>
</li>
<li>
<a href="#tab1">Tests</a>
</li>
<li>
<a href="#tab2">Standard output</a>
</li>
<li>
<a href="#tab3">Standard error</a>
</li>
</ul>
<div id="tab0" class="tab">
<h2>Failed tests</h2>
<div class="test">
<a name="Search in yahoo"></a>
<h3 class="failures">Search in yahoo</h3>
<span class="code">
<pre>java.lang.AssertionError: The phrase found does not match the search - org.openqa.selenium.NoSuchElementException: Expected condition failed: waiting for By.name: p to be displayed (tried for 5 second(s) with 100 milliseconds interval)
Build info: version: '3.141.59', revision: 'e82be7d358', time: '2018-11-14T08:17:03'
System info: host: 'LAPTOP-L2D6D9IH', ip: '172.23.85.79', os.name: 'Windows 10', os.arch: 'amd64', os.version: '10.0', java.version: '1.8.0_201'
Driver info: driver.version: unknown
	at net.serenitybdd.screenplay.ErrorTally.throwSummaryExceptionFrom(ErrorTally.java:36)
	at net.serenitybdd.screenplay.ErrorTally.reportAnyErrors(ErrorTally.java:30)
	at net.serenitybdd.screenplay.Actor.should(Actor.java:291)
	at com.yahoo.espanol.qa.miprimerabusqueda.stepsdefinitions.SearchWithYahooStepDefinition.heVerifyThatTheWordIsInTheResults(SearchWithYahooStepDefinition.java:54)
	at ✽.He verify that the word &quot;peliculas nuevas&quot; is in the results(src/test/resources/features/SearchWithYahoo.feature:10)
</pre>
</span>
</div>
<div class="test">
<a name="Search in yahoo"></a>
<h3 class="failures">Search in yahoo</h3>
<span class="code">
<pre>java.lang.AssertionError: The phrase found does not match the search - 
Expected: is &quot;sociales&quot;
     but: was &quot;sociales 5&quot;
	at net.serenitybdd.screenplay.ErrorTally.throwSummaryExceptionFrom(ErrorTally.java:36)
	at net.serenitybdd.screenplay.ErrorTally.reportAnyErrors(ErrorTally.java:30)
	at net.serenitybdd.screenplay.Actor.should(Actor.java:291)
	at com.yahoo.espanol.qa.miprimerabusqueda.stepsdefinitions.SearchWithYahooStepDefinition.heVerifyThatTheWordIsInTheResults(SearchWithYahooStepDefinition.java:54)
	at ✽.He verify that the word &quot;sociales&quot; is in the results(src/test/resources/features/SearchWithYahoo.feature:10)
</pre>
</span>
</div>
</div>
<div id="tab1" class="tab">
<h2>Tests</h2>
<table>
<thead>
<tr>
<th>Test</th>
<th>Duration</th>
<th>Result</th>
</tr>
</thead>
<tr>
<td class="success">Search in yahoo</td>
<td class="success">6.726s</td>
<td class="success">passed</td>
</tr>
<tr>
<td class="failures">Search in yahoo</td>
<td class="failures">15.365s</td>
<td class="failures">failed</td>
</tr>
<tr>
<td class="failures">Search in yahoo</td>
<td class="failures">6.432s</td>
<td class="failures">failed</td>
</tr>
</table>
</div>
<div id="tab2" class="tab">
<h2>Standard output</h2>
<span class="code">
<pre>








































</pre>
</span>
</div>
<div id="tab3" class="tab">
<h2>Standard error</h2>
<span class="code">
<pre>abr 04, 2019 8:52:19 AM org.openqa.selenium.remote.DesiredCapabilities edge
INFORMACIÓN: Using `new EdgeOptions()` is preferred to `DesiredCapabilities.edge()`
[08:52:20.059] - Listening on http://localhost:2585/ 
abr 04, 2019 8:52:21 AM org.openqa.selenium.remote.ProtocolHandshake createSession
INFORMACIÓN: Detected dialect: OSS
abr 04, 2019 8:52:34 AM org.openqa.selenium.remote.DesiredCapabilities edge
INFORMACIÓN: Using `new EdgeOptions()` is preferred to `DesiredCapabilities.edge()`
abr 04, 2019 8:52:35 AM org.openqa.selenium.remote.ProtocolHandshake createSession
INFORMACIÓN: Detected dialect: OSS
abr 04, 2019 8:52:41 AM org.openqa.selenium.remote.DesiredCapabilities edge
INFORMACIÓN: Using `new EdgeOptions()` is preferred to `DesiredCapabilities.edge()`
abr 04, 2019 8:52:42 AM org.openqa.selenium.remote.ProtocolHandshake createSession
INFORMACIÓN: Detected dialect: OSS
</pre>
</span>
</div>
</div>
<div id="footer">
<p>
<div>
<label class="hidden" id="label-for-line-wrapping-toggle" for="line-wrapping-toggle">Wrap lines
<input id="line-wrapping-toggle" type="checkbox" autocomplete="off"/>
</label>
</div>Generated by 
<a href="http://www.gradle.org">Gradle 4.8.1</a> at 4/04/2019 08:53:02 AM</p>
</div>
</div>
</body>
</html>
