<?xml version="1.0" encoding="UTF-8"?><testsuite errors="0" failures="2" name="Search in Yahoo with data from feature" skipped="0" tests="3" time="21.8" timestamp="2019-04-04 08:52:19"><testcase name="Search in yahoo"><failure message="The phrase found does not match the search - org.openqa.selenium.NoSuchElementException: Expected condition failed: waiting for By.name: p to be displayed (tried for 5 second(s) with 100 milliseconds interval)&#10;Build info: version: '3.141.59', revision: 'e82be7d358', time: '2018-11-14T08:17:03'&#10;System info: host: 'LAPTOP-L2D6D9IH', ip: '172.23.85.79', os.name: 'Windows 10', os.arch: 'amd64', os.version: '10.0', java.version: '1.8.0_201'&#10;Driver info: driver.version: unknown" type="java.lang.AssertionError">The phrase found does not match the search - org.openqa.selenium.NoSuchElementException: Expected condition failed: waiting for By.name: p to be displayed (tried for 5 second(s) with 100 milliseconds interval)
Build info: version: '3.141.59', revision: 'e82be7d358', time: '2018-11-14T08:17:03'
System info: host: 'LAPTOP-L2D6D9IH', ip: '172.23.85.79', os.name: 'Windows 10', os.arch: 'amd64', os.version: '10.0', java.version: '1.8.0_201'
Driver info: driver.version: unknown</failure><system-err>The phrase found does not match the search - org.openqa.selenium.NoSuchElementException: Expected condition failed: waiting for By.name: p to be displayed (tried for 5 second(s) with 100 milliseconds interval)
Build info: version: '3.141.59', revision: 'e82be7d358', time: '2018-11-14T08:17:03'
System info: host: 'LAPTOP-L2D6D9IH', ip: '172.23.85.79', os.name: 'Windows 10', os.arch: 'amd64', os.version: '10.0', java.version: '1.8.0_201'
Driver info: driver.version: unknown&#13;
com.yahoo.espanol.qa.miprimerabusqueda.stepsdefinitions.SearchWithYahooStepDefinition.heVerifyThatTheWordIsInTheResults(SearchWithYahooStepDefinition.java:54)&#13;
âœ½.He verify that the word "peliculas nuevas" is in the results(src/test/resources/features/SearchWithYahoo.feature:10)&#13;
</system-err></testcase></testsuite>