<?xml version="1.0" encoding="UTF-8"?>
<testsuite name="Search in Olx with data from feature" tests="3" skipped="0" failures="1" errors="0" timestamp="2019-04-10T15:19:54" hostname="LAPTOP-L2D6D9IH" time="220.652">
  <properties/>
  <testcase name="Search a specific product in olx using all filters" classname="Search in Olx with data from feature" time="76.953"/>
  <testcase name="Search a specific product in olx using all filters" classname="Search in Olx with data from feature" time="98.015">
    <failure message="java.lang.AssertionError: The product could not be found in the results list - org.openqa.selenium.NoSuchElementException: Expected condition failed: waiting for By.xpath: //div[@class='title']/h1 to be displayed (tried for 5 second(s) with 100 milliseconds interval)&#10;Build info: version: '3.141.59', revision: 'e82be7d358', time: '2018-11-14T08:17:03'&#10;System info: host: 'LAPTOP-L2D6D9IH', ip: '172.23.85.93', os.name: 'Windows 10', os.arch: 'amd64', os.version: '10.0', java.version: '1.8.0_201'&#10;Driver info: driver.version: unknown" type="java.lang.AssertionError">java.lang.AssertionError: The product could not be found in the results list - org.openqa.selenium.NoSuchElementException: Expected condition failed: waiting for By.xpath: //div[@class='title']/h1 to be displayed (tried for 5 second(s) with 100 milliseconds interval)
Build info: version: '3.141.59', revision: 'e82be7d358', time: '2018-11-14T08:17:03'
System info: host: 'LAPTOP-L2D6D9IH', ip: '172.23.85.93', os.name: 'Windows 10', os.arch: 'amd64', os.version: '10.0', java.version: '1.8.0_201'
Driver info: driver.version: unknown
	at net.serenitybdd.screenplay.ErrorTally.throwSummaryExceptionFrom(ErrorTally.java:36)
	at net.serenitybdd.screenplay.ErrorTally.reportAnyErrors(ErrorTally.java:30)
	at net.serenitybdd.screenplay.Actor.should(Actor.java:291)
	at co.com.olx.qa.searchwitholx.tasks.SpecificProductSearch.performAs(SpecificProductSearch.java:51)
	at co.com.olx.qa.searchwitholx.tasks.SpecificProductSearch$$EnhancerByCGLIB$$90eae6bc.CGLIB$performAs$0(&lt;generated&gt;)
	at co.com.olx.qa.searchwitholx.tasks.SpecificProductSearch$$EnhancerByCGLIB$$90eae6bc$$FastClassByCGLIB$$369bcea3.invoke(&lt;generated&gt;)
	at net.sf.cglib.proxy.MethodProxy.invokeSuper(MethodProxy.java:228)
	at net.thucydides.core.steps.StepInterceptor.invokeMethod(StepInterceptor.java:478)
	at net.thucydides.core.steps.StepInterceptor.executeTestStepMethod(StepInterceptor.java:463)
	at net.thucydides.core.steps.StepInterceptor.runTestStep(StepInterceptor.java:438)
	at net.thucydides.core.steps.StepInterceptor.runOrSkipMethod(StepInterceptor.java:179)
	at net.thucydides.core.steps.StepInterceptor.testStepResult(StepInterceptor.java:166)
	at net.thucydides.core.steps.StepInterceptor.intercept(StepInterceptor.java:72)
	at co.com.olx.qa.searchwitholx.tasks.SpecificProductSearch$$EnhancerByCGLIB$$90eae6bc.performAs(&lt;generated&gt;)
	at net.serenitybdd.screenplay.Actor.performTask(Actor.java:223)
	at net.serenitybdd.screenplay.Actor.perform(Actor.java:204)
	at net.serenitybdd.screenplay.Actor.attemptsTo(Actor.java:161)
	at co.com.olx.qa.searchwitholx.stepsdefinitions.SearchProductWithOlxStepDefinition.heSearchTheSpecificProduct(SearchProductWithOlxStepDefinition.java:76)
	at ✽.he search the specific product &quot;SuperMega play4k&quot;(src/test/resources/features/SearchProductWithOlx.feature:15)
</failure>
  </testcase>
  <testcase name="Search a random product in olx using filters: department, category" classname="Search in Olx with data from feature" time="45.675"/>
  <system-out><![CDATA[

























































































































































































]]></system-out>
  <system-err><![CDATA[abr 10, 2019 10:19:56 AM org.openqa.selenium.remote.DesiredCapabilities chrome
INFORMACIÓN: Using `new ChromeOptions()` is preferred to `DesiredCapabilities.chrome()`
Starting ChromeDriver 73.0.3683.68 (47787ec04b6e38e22703e856e101e840b65afe72) on port 5915
Only local connections are allowed.
Please protect ports used by ChromeDriver and related test frameworks to prevent access by malicious code.
abr 10, 2019 10:20:01 AM org.openqa.selenium.remote.ProtocolHandshake createSession
INFORMACIÓN: Detected dialect: OSS
abr 10, 2019 10:21:11 AM org.openqa.selenium.remote.DesiredCapabilities chrome
INFORMACIÓN: Using `new ChromeOptions()` is preferred to `DesiredCapabilities.chrome()`
abr 10, 2019 10:21:13 AM org.openqa.selenium.remote.ProtocolHandshake createSession
INFORMACIÓN: Detected dialect: OSS
abr 10, 2019 10:22:49 AM org.openqa.selenium.remote.DesiredCapabilities chrome
INFORMACIÓN: Using `new ChromeOptions()` is preferred to `DesiredCapabilities.chrome()`
abr 10, 2019 10:22:51 AM org.openqa.selenium.remote.ProtocolHandshake createSession
INFORMACIÓN: Detected dialect: OSS
]]></system-err>
</testsuite>
