<?xml version="1.0" encoding="UTF-8"?>
<testsuite name="co.com.olx.qa.searchwitholx.runners.SearchProductWithOlxRunner" tests="0" skipped="0" failures="0" errors="0" timestamp="1970-01-01T00:00:00" hostname="LAPTOP-L2D6D9IH" time="0.0">
  <properties/>
  <system-out><![CDATA[
?[31mFailed scenarios:?[0m
?[31msrc/test/resources/features/SearchProductWithOlx.feature:21 ?[0m# Search a specific product in olx using all filters

3 Scenarios (?[31m1 failed?[0m, ?[32m2 passed?[0m)
18 Steps (?[31m1 failed?[0m, ?[36m1 skipped?[0m, ?[32m16 passed?[0m)
3m41,284s

java.lang.AssertionError: The product could not be found in the results list - org.openqa.selenium.NoSuchElementException: Expected condition failed: waiting for By.xpath: //div[@class='title']/h1 to be displayed (tried for 5 second(s) with 100 milliseconds interval)
Build info: version: '3.141.59', revision: 'e82be7d358', time: '2018-11-14T08:17:03'
System info: host: 'LAPTOP-L2D6D9IH', ip: '172.23.85.93', os.name: 'Windows 10', os.arch: 'amd64', os.version: '10.0', java.version: '1.8.0_201'
Driver info: driver.version: unknown
	at net.serenitybdd.screenplay.ErrorTally.throwSummaryExceptionFrom(ErrorTally.java:36)
	at net.serenitybdd.screenplay.ErrorTally.reportAnyErrors(ErrorTally.java:30)
	at net.serenitybdd.screenplay.Actor.should(Actor.java:291)
	at co.com.olx.qa.searchwitholx.tasks.SpecificProductSearch.performAs(SpecificProductSearch.java:51)
	at co.com.olx.qa.searchwitholx.tasks.SpecificProductSearch$$EnhancerByCGLIB$$90eae6bc.CGLIB$performAs$0(<generated>)
	at co.com.olx.qa.searchwitholx.tasks.SpecificProductSearch$$EnhancerByCGLIB$$90eae6bc$$FastClassByCGLIB$$369bcea3.invoke(<generated>)
	at net.sf.cglib.proxy.MethodProxy.invokeSuper(MethodProxy.java:228)
	at net.thucydides.core.steps.StepInterceptor.invokeMethod(StepInterceptor.java:478)
	at net.thucydides.core.steps.StepInterceptor.executeTestStepMethod(StepInterceptor.java:463)
	at net.thucydides.core.steps.StepInterceptor.runTestStep(StepInterceptor.java:438)
	at net.thucydides.core.steps.StepInterceptor.runOrSkipMethod(StepInterceptor.java:179)
	at net.thucydides.core.steps.StepInterceptor.testStepResult(StepInterceptor.java:166)
	at net.thucydides.core.steps.StepInterceptor.intercept(StepInterceptor.java:72)
	at co.com.olx.qa.searchwitholx.tasks.SpecificProductSearch$$EnhancerByCGLIB$$90eae6bc.performAs(<generated>)
	at net.serenitybdd.screenplay.Actor.performTask(Actor.java:223)
	at net.serenitybdd.screenplay.Actor.perform(Actor.java:204)
	at net.serenitybdd.screenplay.Actor.attemptsTo(Actor.java:161)
	at co.com.olx.qa.searchwitholx.stepsdefinitions.SearchProductWithOlxStepDefinition.heSearchTheSpecificProduct(SearchProductWithOlxStepDefinition.java:76)
	at ?.he search the specific product "SuperMega play4k"(src/test/resources/features/SearchProductWithOlx.feature:15)

]]></system-out>
  <system-err><![CDATA[SLF4J: Failed to load class "org.slf4j.impl.StaticLoggerBinder".
SLF4J: Defaulting to no-operation (NOP) logger implementation
SLF4J: See http://www.slf4j.org/codes.html#StaticLoggerBinder for further details.
]]></system-err>
</testsuite>
